<?xml version="1.0" encoding="UTF-8" standalone="no"?>
<testsuite errors="0" failures="0" name="io.cucumber.core.plugin.JUnitFormatter" skipped="0" tests="2" time="43.81">
<testcase classname="Deposit amount to account" name="Deposit positive amount" time="23.315">
<system-out><![CDATA[Given User is logged into account...........................................passed
And User selects Deposits page..............................................passed
And user enters positive amount.............................................passed
And user clicks on Deposit button...........................................passed
Then The amount should be added to account..................................passed
]]></system-out>
</testcase>
<testcase classname="Login to Banking application" name="Login to Banking application with username" time="19.736">
<system-out><![CDATA[Given User is on the Login Page.............................................passed
And User clicks on Customer Login button....................................passed
And User selects the user name..............................................passed
And User clicks on Login button.............................................passed
Then User should be logged in to application................................passed
]]></system-out>
</testcase>
</testsuite>
