<?xml version="1.0" encoding="UTF-8"?>
<testng-results ignored="1" total="3" passed="2" failed="0" skipped="0">
  <reporter-output>
  </reporter-output>
  <suite started-at="2020-07-20T15:18:32 IST" name="Suite" finished-at="2020-07-20T15:18:40 IST" duration-ms="8833">
    <groups>
      <group name="Regression">
        <method signature="LibraryTest.LibraryPOST()[pri:1, instance:libraryService.LibraryTest@3943a2be]" name="LibraryPOST" class="libraryService.LibraryTest"/>
        <method signature="LibraryTest.LibraryDelete()[pri:3, instance:libraryService.LibraryTest@3943a2be]" name="LibraryDelete" class="libraryService.LibraryTest"/>
      </group> <!-- Regression -->
    </groups>
    <test started-at="2020-07-20T15:18:32 IST" name="Library" finished-at="2020-07-20T15:18:40 IST" duration-ms="8833">
      <class name="libraryService.LibraryTest">
        <test-method is-config="true" signature="initialize()[pri:0, instance:libraryService.LibraryTest@3943a2be]" started-at="2020-07-20T15:18:32 IST" name="initialize" finished-at="2020-07-20T15:18:34 IST" duration-ms="2846" status="PASS">
          <reporter-output>
          </reporter-output>
        </test-method> <!-- initialize -->
        <test-method signature="LibraryPOST()[pri:1, instance:libraryService.LibraryTest@3943a2be]" started-at="2020-07-20T15:18:35 IST" name="LibraryPOST" finished-at="2020-07-20T15:18:40 IST" duration-ms="5583" status="PASS">
          <reporter-output>
          </reporter-output>
        </test-method> <!-- LibraryPOST -->
        <test-method signature="LibraryDelete()[pri:3, instance:libraryService.LibraryTest@3943a2be]" started-at="2020-07-20T15:18:40 IST" name="LibraryDelete" finished-at="2020-07-20T15:18:40 IST" depends-on-methods="libraryService.LibraryTest.LibraryPOST" duration-ms="281" status="PASS">
          <reporter-output>
          </reporter-output>
        </test-method> <!-- LibraryDelete -->
      </class> <!-- libraryService.LibraryTest -->
    </test> <!-- Library -->
  </suite> <!-- Suite -->
</testng-results>
