<?xml version="1.0" encoding="UTF-8"?>
<!-- Generated by org.testng.reporters.JUnitXMLReporter -->
<testsuite ignored="1" hostname="YY160371" failures="0" tests="2" name="Library" time="8.833" errors="0" timestamp="2020-07-20T15:18:40 IST">
  <testcase classname="libraryService.LibraryTest" name="LibraryPOST" time="5.583"/>
  <testcase classname="libraryService.LibraryTest" name="LibraryDelete" time="0.281"/>
  <testcase classname="libraryService.LibraryTest" name="LibraryGET" time="0.0">
    <ignored/>
  </testcase> <!-- LibraryGET -->
</testsuite> <!-- Library -->
