<?xml version="1.0" encoding="UTF-8"?>
<!-- Generated by org.testng.reporters.JUnitXMLReporter -->
<testsuite ignored="1" hostname="YY160371" failures="1" tests="1" name="ROCC" time="0.019" errors="0" timestamp="2020-07-20T11:11:57 IST">
  <testcase classname="roccService.ROCCTest" name="Login" time="0.004">
    <failure type="java.lang.NullPointerException">
      <![CDATA[java.lang.NullPointerException
at restapilogic.ROCClogin.Login(ROCClogin.java:58)
at roccService.ROCCTest.Login(ROCCTest.java:10)
at java.base/java.util.ArrayList.forEach(ArrayList.java:1540)
... Removed 27 stack frames]]>
    </failure>
  </testcase> <!-- Login -->
  <testcase classname="roccService.ROCCTest" name="Logger" time="0.0">
    <ignored/>
  </testcase> <!-- Logger -->
</testsuite> <!-- ROCC -->
