<?xml version="1.0" encoding="UTF-8"?>
<!-- Generated by org.testng.reporters.JUnitXMLReporter -->
<testsuite ignored="4" hostname="YY160371" failures="0" tests="1" name="Test" time="6.217" errors="0" timestamp="2020-07-15T18:40:03 IST">
  <testcase classname="RestApi.Demo.Library" name="POST" time="4.109"/>
  <testcase classname="RestApi.Demo.Library" name="Delete" time="0.0">
    <ignored/>
  </testcase> <!-- Delete -->
  <testcase classname="RestApi.Demo.ROCClogin" name="Login" time="0.0">
    <ignored/>
  </testcase> <!-- Login -->
  <testcase classname="RestApi.Demo.Library" name="GET" time="0.0">
    <ignored/>
  </testcase> <!-- GET -->
  <testcase classname="RestApi.Demo.ROCClogin" name="Logger" time="0.0">
    <ignored/>
  </testcase> <!-- Logger -->
</testsuite> <!-- Test -->
