[
  {
    "line": 1,
    "elements": [
      {
        "start_timestamp": "2020-07-24T01:35:21.516Z",
        "before": [
          {
            "result": {
              "duration": 9470000000,
              "status": "passed"
            },
            "match": {
              "location": "StepDefinitions.Hooks.BeforeTest()"
            }
          },
          {
            "result": {
              "duration": 6910000000,
              "status": "passed"
            },
            "match": {
              "location": "StepDefinitions.Hooks.BeforeRegTest()"
            }
          }
        ],
        "line": 5,
        "name": "Deposit positive amount",
        "description": "",
        "id": "deposit-amount-to-account;deposit-positive-amount",
        "after": [
          {
            "result": {
              "duration": 1345000000,
              "status": "passed"
            },
            "match": {
              "location": "StepDefinitions.Hooks.AfterTest()"
            }
          },
          {
            "result": {
              "status": "passed"
            },
            "match": {
              "location": "StepDefinitions.Hooks.AfterRegTest()"
            }
          }
        ],
        "type": "scenario",
        "keyword": "Scenario",
        "steps": [
          {
            "result": {
              "duration": 2072000000,
              "status": "passed"
            },
            "line": 6,
            "name": "User is logged into account",
            "match": {
              "location": "StepDefinitions.DepositSteps.userIsLoggedIntoAccount()"
            },
            "keyword": "Given "
          },
          {
            "result": {
              "duration": 121000000,
              "status": "passed"
            },
            "line": 7,
            "name": "User selects Deposits page",
            "match": {
              "location": "StepDefinitions.DepositSteps.userSelectsDepositsPage()"
            },
            "keyword": "And "
          },
          {
            "result": {
              "duration": 777000000,
              "status": "passed"
            },
            "line": 8,
            "name": "user enters positive amount",
            "match": {
              "location": "StepDefinitions.DepositSteps.userEntersPositiveAmount()"
            },
            "keyword": "And "
          },
          {
            "result": {
              "duration": 97000000,
              "status": "passed"
            },
            "line": 9,
            "name": "user clicks on Deposit button",
            "match": {
              "location": "StepDefinitions.DepositSteps.userClicksOnDepositButton()"
            },
            "keyword": "And "
          },
          {
            "result": {
              "duration": 64000000,
              "status": "passed"
            },
            "line": 10,
            "name": "The amount should be added to account",
            "match": {
              "location": "StepDefinitions.DepositSteps.theAmountShouldBeAddedToAccount()"
            },
            "keyword": "Then "
          }
        ],
        "tags": [
          {
            "name": "@Sanity"
          },
          {
            "name": "@Regression"
          }
        ]
      },
      {
        "start_timestamp": "2020-07-24T01:35:42.592Z",
        "before": [
          {
            "result": {
              "duration": 6382000000,
              "status": "passed"
            },
            "match": {
              "location": "StepDefinitions.Hooks.BeforeRegTest()"
            }
          }
        ],
        "line": 13,
        "name": "Deposit negative amount",
        "description": "",
        "id": "deposit-amount-to-account;deposit-negative-amount",
        "after": [
          {
            "result": {
              "duration": 1213000000,
              "status": "passed"
            },
            "match": {
              "location": "StepDefinitions.Hooks.AfterRegTest()"
            }
          }
        ],
        "type": "scenario",
        "keyword": "Scenario",
        "steps": [
          {
            "result": {
              "duration": 1631000000,
              "status": "passed"
            },
            "line": 14,
            "name": "User is logged into account",
            "match": {
              "location": "StepDefinitions.DepositSteps.userIsLoggedIntoAccount()"
            },
            "keyword": "Given "
          },
          {
            "result": {
              "duration": 80000000,
              "status": "passed"
            },
            "line": 15,
            "name": "User selects Deposits page",
            "match": {
              "location": "StepDefinitions.DepositSteps.userSelectsDepositsPage()"
            },
            "keyword": "And "
          },
          {
            "result": {
              "duration": 437000000,
              "status": "passed"
            },
            "line": 16,
            "name": "user enters negative amount",
            "match": {
              "location": "StepDefinitions.DepositSteps.userEntersNegativeAmount()"
            },
            "keyword": "And "
          },
          {
            "result": {
              "duration": 177000000,
              "status": "passed"
            },
            "line": 17,
            "name": "user clicks on Deposit button",
            "match": {
              "location": "StepDefinitions.DepositSteps.userClicksOnDepositButton()"
            },
            "keyword": "And "
          },
          {
            "result": {
              "error_message": "org.openqa.selenium.NoSuchElementException: no such element: Unable to locate element: {\"method\":\"xpath\",\"selector\":\"//*[contains(text(),\u0027Failed\u0027)]\"}\n  (Session info: chrome\u003d84.0.4147.89)\nFor documentation on this error, please visit: https://www.seleniumhq.org/exceptions/no_such_element.html\nBuild info: version: \u00273.141.59\u0027, revision: \u0027e82be7d358\u0027, time: \u00272018-11-14T08:17:03\u0027\nSystem info: host: \u0027YY089737\u0027, ip: \u0027144.54.216.236\u0027, os.name: \u0027Windows 10\u0027, os.arch: \u0027amd64\u0027, os.version: \u002710.0\u0027, java.version: \u00271.8.0_112\u0027\nDriver info: org.openqa.selenium.chrome.ChromeDriver\nCapabilities {acceptInsecureCerts: false, browserName: chrome, browserVersion: 84.0.4147.89, chrome: {chromedriverVersion: 83.0.4103.39 (ccbf011cb2d2b..., userDataDir: C:\\Users\\ing08804\\AppData\\L...}, goog:chromeOptions: {debuggerAddress: localhost:24502}, javascriptEnabled: true, networkConnectionEnabled: false, pageLoadStrategy: normal, platform: WINDOWS, platformName: WINDOWS, proxy: Proxy(), setWindowRect: true, strictFileInteractability: false, timeouts: {implicit: 0, pageLoad: 300000, script: 30000}, unhandledPromptBehavior: dismiss and notify, webauthn:virtualAuthenticators: true}\nSession ID: df9a72b5e7aed3c0df230c90da301736\n*** Element info: {Using\u003dxpath, value\u003d//*[contains(text(),\u0027Failed\u0027)]}\r\n\tat sun.reflect.NativeConstructorAccessorImpl.newInstance0(Native Method)\r\n\tat sun.reflect.NativeConstructorAccessorImpl.newInstance(NativeConstructorAccessorImpl.java:62)\r\n\tat sun.reflect.DelegatingConstructorAccessorImpl.newInstance(DelegatingConstructorAccessorImpl.java:45)\r\n\tat java.lang.reflect.Constructor.newInstance(Constructor.java:423)\r\n\tat org.openqa.selenium.remote.http.W3CHttpResponseCodec.createException(W3CHttpResponseCodec.java:187)\r\n\tat org.openqa.selenium.remote.http.W3CHttpResponseCodec.decode(W3CHttpResponseCodec.java:122)\r\n\tat org.openqa.selenium.remote.http.W3CHttpResponseCodec.decode(W3CHttpResponseCodec.java:49)\r\n\tat org.openqa.selenium.remote.HttpCommandExecutor.execute(HttpCommandExecutor.java:158)\r\n\tat org.openqa.selenium.remote.service.DriverCommandExecutor.execute(DriverCommandExecutor.java:83)\r\n\tat org.openqa.selenium.remote.RemoteWebDriver.execute(RemoteWebDriver.java:552)\r\n\tat org.openqa.selenium.remote.RemoteWebDriver.findElement(RemoteWebDriver.java:323)\r\n\tat org.openqa.selenium.remote.RemoteWebDriver.findElementByXPath(RemoteWebDriver.java:428)\r\n\tat org.openqa.selenium.By$ByXPath.findElement(By.java:353)\r\n\tat org.openqa.selenium.remote.RemoteWebDriver.findElement(RemoteWebDriver.java:315)\r\n\tat org.openqa.selenium.support.pagefactory.DefaultElementLocator.findElement(DefaultElementLocator.java:69)\r\n\tat org.openqa.selenium.support.pagefactory.internal.LocatingElementHandler.invoke(LocatingElementHandler.java:38)\r\n\tat com.sun.proxy.$Proxy17.isDisplayed(Unknown Source)\r\n\tat StepDefinitions.DepositSteps.errorMessageShouldBeDisplayed(DepositSteps.java:92)\r\n\tat ✽.Error message should be displayed(file:///C:/Users/ing08804/IdeaProjects/CucumberBankingAppDemo%20-%20Copy%20(2)/src/test/java/Features/Deposit.feature:18)\r\n",
              "duration": 30090000000,
              "status": "failed"
            },
            "line": 18,
            "name": "Error message should be displayed",
            "match": {
              "location": "StepDefinitions.DepositSteps.errorMessageShouldBeDisplayed()"
            },
            "keyword": "Then "
          }
        ],
        "tags": [
          {
            "name": "@Regression"
          }
        ]
      },
      {
        "start_timestamp": "2020-07-24T01:36:22.681Z",
        "before": [
          {
            "result": {
              "duration": 7036000000,
              "status": "passed"
            },
            "match": {
              "location": "StepDefinitions.Hooks.BeforeRegTest()"
            }
          }
        ],
        "line": 21,
        "name": "Deposit NaN amount",
        "description": "",
        "id": "deposit-amount-to-account;deposit-nan-amount",
        "after": [
          {
            "result": {
              "duration": 1291000000,
              "status": "passed"
            },
            "match": {
              "location": "StepDefinitions.Hooks.AfterRegTest()"
            }
          }
        ],
        "type": "scenario",
        "keyword": "Scenario",
        "steps": [
          {
            "result": {
              "duration": 1636000000,
              "status": "passed"
            },
            "line": 22,
            "name": "User is logged into account",
            "match": {
              "location": "StepDefinitions.DepositSteps.userIsLoggedIntoAccount()"
            },
            "keyword": "Given "
          },
          {
            "result": {
              "duration": 88000000,
              "status": "passed"
            },
            "line": 23,
            "name": "User selects Deposits page",
            "match": {
              "location": "StepDefinitions.DepositSteps.userSelectsDepositsPage()"
            },
            "keyword": "And "
          },
          {
            "result": {
              "duration": 1033000000,
              "status": "passed"
            },
            "line": 24,
            "name": "user enters NaN amount",
            "match": {
              "location": "StepDefinitions.DepositSteps.userEntersNaNAmount()"
            },
            "keyword": "And "
          },
          {
            "result": {
              "duration": 96000000,
              "status": "passed"
            },
            "line": 25,
            "name": "user clicks on Deposit button",
            "match": {
              "location": "StepDefinitions.DepositSteps.userClicksOnDepositButton()"
            },
            "keyword": "And "
          },
          {
            "result": {
              "error_message": "org.openqa.selenium.NoSuchElementException: no such element: Unable to locate element: {\"method\":\"xpath\",\"selector\":\"//*[contains(text(),\u0027Failed\u0027)]\"}\n  (Session info: chrome\u003d84.0.4147.89)\nFor documentation on this error, please visit: https://www.seleniumhq.org/exceptions/no_such_element.html\nBuild info: version: \u00273.141.59\u0027, revision: \u0027e82be7d358\u0027, time: \u00272018-11-14T08:17:03\u0027\nSystem info: host: \u0027YY089737\u0027, ip: \u0027144.54.216.236\u0027, os.name: \u0027Windows 10\u0027, os.arch: \u0027amd64\u0027, os.version: \u002710.0\u0027, java.version: \u00271.8.0_112\u0027\nDriver info: org.openqa.selenium.chrome.ChromeDriver\nCapabilities {acceptInsecureCerts: false, browserName: chrome, browserVersion: 84.0.4147.89, chrome: {chromedriverVersion: 83.0.4103.39 (ccbf011cb2d2b..., userDataDir: C:\\Users\\ing08804\\AppData\\L...}, goog:chromeOptions: {debuggerAddress: localhost:24666}, javascriptEnabled: true, networkConnectionEnabled: false, pageLoadStrategy: normal, platform: WINDOWS, platformName: WINDOWS, proxy: Proxy(), setWindowRect: true, strictFileInteractability: false, timeouts: {implicit: 0, pageLoad: 300000, script: 30000}, unhandledPromptBehavior: dismiss and notify, webauthn:virtualAuthenticators: true}\nSession ID: 468d0cfca199158e4e5e40cb3fa9742d\n*** Element info: {Using\u003dxpath, value\u003d//*[contains(text(),\u0027Failed\u0027)]}\r\n\tat sun.reflect.NativeConstructorAccessorImpl.newInstance0(Native Method)\r\n\tat sun.reflect.NativeConstructorAccessorImpl.newInstance(NativeConstructorAccessorImpl.java:62)\r\n\tat sun.reflect.DelegatingConstructorAccessorImpl.newInstance(DelegatingConstructorAccessorImpl.java:45)\r\n\tat java.lang.reflect.Constructor.newInstance(Constructor.java:423)\r\n\tat org.openqa.selenium.remote.http.W3CHttpResponseCodec.createException(W3CHttpResponseCodec.java:187)\r\n\tat org.openqa.selenium.remote.http.W3CHttpResponseCodec.decode(W3CHttpResponseCodec.java:122)\r\n\tat org.openqa.selenium.remote.http.W3CHttpResponseCodec.decode(W3CHttpResponseCodec.java:49)\r\n\tat org.openqa.selenium.remote.HttpCommandExecutor.execute(HttpCommandExecutor.java:158)\r\n\tat org.openqa.selenium.remote.service.DriverCommandExecutor.execute(DriverCommandExecutor.java:83)\r\n\tat org.openqa.selenium.remote.RemoteWebDriver.execute(RemoteWebDriver.java:552)\r\n\tat org.openqa.selenium.remote.RemoteWebDriver.findElement(RemoteWebDriver.java:323)\r\n\tat org.openqa.selenium.remote.RemoteWebDriver.findElementByXPath(RemoteWebDriver.java:428)\r\n\tat org.openqa.selenium.By$ByXPath.findElement(By.java:353)\r\n\tat org.openqa.selenium.remote.RemoteWebDriver.findElement(RemoteWebDriver.java:315)\r\n\tat org.openqa.selenium.support.pagefactory.DefaultElementLocator.findElement(DefaultElementLocator.java:69)\r\n\tat org.openqa.selenium.support.pagefactory.internal.LocatingElementHandler.invoke(LocatingElementHandler.java:38)\r\n\tat com.sun.proxy.$Proxy17.isDisplayed(Unknown Source)\r\n\tat StepDefinitions.DepositSteps.errorMessageShouldBeDisplayed(DepositSteps.java:92)\r\n\tat ✽.Error message should be displayed(file:///C:/Users/ing08804/IdeaProjects/CucumberBankingAppDemo%20-%20Copy%20(2)/src/test/java/Features/Deposit.feature:26)\r\n",
              "duration": 30025000000,
              "status": "failed"
            },
            "line": 26,
            "name": "Error message should be displayed",
            "match": {
              "location": "StepDefinitions.DepositSteps.errorMessageShouldBeDisplayed()"
            },
            "keyword": "Then "
          }
        ],
        "tags": [
          {
            "name": "@Regression"
          }
        ]
      },
      {
        "start_timestamp": "2020-07-24T01:37:03.954Z",
        "before": [
          {
            "result": {
              "duration": 8912000000,
              "status": "passed"
            },
            "match": {
              "location": "StepDefinitions.Hooks.BeforeRegTest()"
            }
          }
        ],
        "line": 29,
        "name": "Deposit OutOfRange amount",
        "description": "",
        "id": "deposit-amount-to-account;deposit-outofrange-amount",
        "after": [
          {
            "result": {
              "duration": 1293000000,
              "status": "passed"
            },
            "match": {
              "location": "StepDefinitions.Hooks.AfterRegTest()"
            }
          }
        ],
        "type": "scenario",
        "keyword": "Scenario",
        "steps": [
          {
            "result": {
              "duration": 2041000000,
              "status": "passed"
            },
            "line": 30,
            "name": "User is logged into account",
            "match": {
              "location": "StepDefinitions.DepositSteps.userIsLoggedIntoAccount()"
            },
            "keyword": "Given "
          },
          {
            "result": {
              "duration": 79000000,
              "status": "passed"
            },
            "line": 31,
            "name": "User selects Deposits page",
            "match": {
              "location": "StepDefinitions.DepositSteps.userSelectsDepositsPage()"
            },
            "keyword": "And "
          },
          {
            "result": {
              "status": "passed"
            },
            "line": 32,
            "name": "user enters OutOfRange amount",
            "match": {
              "location": "StepDefinitions.DepositSteps.userEntersOutOfRangeAmount()"
            },
            "keyword": "And "
          },
          {
            "result": {
              "error_message": "java.lang.NullPointerException\r\n\tat StepDefinitions.DepositSteps.userClicksOnDepositButton(DepositSteps.java:65)\r\n\tat ✽.user clicks on Deposit button(file:///C:/Users/ing08804/IdeaProjects/CucumberBankingAppDemo%20-%20Copy%20(2)/src/test/java/Features/Deposit.feature:33)\r\n",
              "duration": 1000000,
              "status": "failed"
            },
            "line": 33,
            "name": "user clicks on Deposit button",
            "match": {
              "location": "StepDefinitions.DepositSteps.userClicksOnDepositButton()"
            },
            "keyword": "And "
          },
          {
            "result": {
              "status": "skipped"
            },
            "line": 34,
            "name": "Error message should be displayed",
            "match": {
              "location": "StepDefinitions.DepositSteps.errorMessageShouldBeDisplayed()"
            },
            "keyword": "Then "
          }
        ],
        "tags": [
          {
            "name": "@Regression"
          }
        ]
      }
    ],
    "name": "Deposit amount to account",
    "description": "",
    "id": "deposit-amount-to-account",
    "keyword": "Feature",
    "uri": "file:src/test/java/Features/Deposit.feature",
    "tags": []
  }
]