<?xml version="1.0" encoding="UTF-8"?>
<!-- Generated by org.testng.reporters.JUnitXMLReporter -->
<testsuite ignored="0" hostname="YY160371" failures="0" tests="3" name="Library" time="10.058" errors="0" timestamp="2020-07-24T12:40:59 IST">
  <testcase classname="libraryService.LibraryTest" name="LibraryPOST" time="5.661"/>
  <testcase classname="libraryService.LibraryTest" name="LibraryGET" time="0.298"/>
  <testcase classname="libraryService.LibraryTest" name="LibraryDelete" time="1.297"/>
</testsuite> <!-- Library -->
