<?xml version="1.0" encoding="UTF-8"?>
<!-- Generated by org.testng.reporters.JUnitXMLReporter -->
<testsuite ignored="0" hostname="YY160371" failures="0" tests="3" name="Default test" time="10.079" errors="0" timestamp="2020-07-17T16:26:18 IST">
  <testcase classname="libraryService.LibraryTest" name="LibraryPOST" time="6.485"/>
  <testcase classname="libraryService.LibraryTest" name="LibraryGET" time="0.308"/>
  <testcase classname="libraryService.LibraryTest" name="LibraryDelete" time="0.253"/>
</testsuite> <!-- Default test -->
