<?xml version="1.0" encoding="UTF-8"?>
<testsuite xmlns:xsi="http://www.w3.org/2001/XMLSchema-instance" xsi:noNamespaceSchemaLocation="https://maven.apache.org/surefire/maven-surefire-plugin/xsd/surefire-test-report.xsd" name="TestSuite" time="9.797" tests="2" errors="0" skipped="0" failures="1">
  <properties>
[...]
</properties>
  <testcase name="LibraryPOST" classname="libraryService.LibraryTest" time="4.922"/>
  <testcase name="LibraryDelete" classname="libraryService.LibraryTest" time="0.224">
    <failure message="expected [book is successfully deleted] but found [books is successfully deleted]" type="java.lang.AssertionError">java.lang.AssertionError: expected [book is successfully deleted] but found [books is successfully deleted]
	at libraryService.LibraryTest.LibraryDelete(LibraryTest.java:64)
</failure>
  </testcase>
</testsuite>