<?xml version="1.0" encoding="UTF-8"?>
<testsuite xmlns:xsi="http://www.w3.org/2001/XMLSchema-instance" xsi:noNamespaceSchemaLocation="https://maven.apache.org/surefire/maven-surefire-plugin/xsd/surefire-test-report.xsd" name="TestSuite" time="12.869" tests="3" errors="0" skipped="0" failures="0">
  <properties>
[...]
</properties>
  <testcase name="LibraryPOST" classname="libraryService.LibraryTest" time="5.674"/>
  <testcase name="LibraryGET" classname="libraryService.LibraryTest" time="0.256"/>
  <testcase name="LibraryDelete" classname="libraryService.LibraryTest" time="1.841"/>
</testsuite>